{"contracts\\ClaimManager.sol":{"l":{"34":8,"35":7,"49":9,"65":9,"66":9,"67":9,"75":7,"76":7,"85":3,"86":3,"87":0,"89":3,"98":3,"99":3,"100":0,"102":3},"path":"C:\\Users\\LLR User\\sikachain-eulerswap-vault\\sikachain-eulerswap-vault\\contracts\\ClaimManager.sol","s":{"1":8,"2":9,"3":9,"4":7,"5":3,"6":3,"7":0,"8":3,"9":3,"10":3,"11":0,"12":3},"b":{"1":[7,1],"2":[9,0],"3":[9,0],"4":[7,1],"5":[7,0],"6":[0,3],"7":[0,3]},"f":{"1":8,"2":9,"3":9,"4":7,"5":3,"6":3},"fnMap":{"1":{"name":"onlyVault","line":33,"loc":{"start":{"line":33,"column":4},"end":{"line":36,"column":4}}},"2":{"name":"constructor","line":48,"loc":{"start":{"line":48,"column":4},"end":{"line":51,"column":4}}},"3":{"name":"setVaultAddress","line":63,"loc":{"start":{"line":63,"column":4},"end":{"line":68,"column":4}}},"4":{"name":"recordDeposit","line":74,"loc":{"start":{"line":74,"column":4},"end":{"line":77,"column":4}}},"5":{"name":"isClaimable","line":84,"loc":{"start":{"line":84,"column":4},"end":{"line":90,"column":4}}},"6":{"name":"isExpired","line":97,"loc":{"start":{"line":97,"column":4},"end":{"line":103,"column":4}}}},"statementMap":{"1":{"start":{"line":34,"column":8},"end":{"line":34,"column":65}},"2":{"start":{"line":65,"column":8},"end":{"line":65,"column":71}},"3":{"start":{"line":66,"column":8},"end":{"line":66,"column":68}},"4":{"start":{"line":75,"column":8},"end":{"line":75,"column":77}},"5":{"start":{"line":85,"column":8},"end":{"line":85,"column":58}},"6":{"start":{"line":86,"column":8},"end":{"line":86,"column":2887}},"7":{"start":{"line":87,"column":12},"end":{"line":87,"column":24}},"8":{"start":{"line":89,"column":8},"end":{"line":89,"column":61}},"9":{"start":{"line":98,"column":8},"end":{"line":98,"column":58}},"10":{"start":{"line":99,"column":8},"end":{"line":99,"column":3396}},"11":{"start":{"line":100,"column":12},"end":{"line":100,"column":24}},"12":{"start":{"line":102,"column":8},"end":{"line":102,"column":60}}},"branchMap":{"1":{"line":34,"type":"if","locations":[{"start":{"line":34,"column":8},"end":{"line":34,"column":8}},{"start":{"line":34,"column":8},"end":{"line":34,"column":8}}]},"2":{"line":65,"type":"if","locations":[{"start":{"line":65,"column":8},"end":{"line":65,"column":8}},{"start":{"line":65,"column":8},"end":{"line":65,"column":8}}]},"3":{"line":66,"type":"if","locations":[{"start":{"line":66,"column":8},"end":{"line":66,"column":8}},{"start":{"line":66,"column":8},"end":{"line":66,"column":8}}]},"4":{"line":74,"type":"if","locations":[{"start":{"line":74,"column":55},"end":{"line":74,"column":55}},{"start":{"line":74,"column":55},"end":{"line":74,"column":55}}]},"5":{"line":75,"type":"if","locations":[{"start":{"line":75,"column":8},"end":{"line":75,"column":8}},{"start":{"line":75,"column":8},"end":{"line":75,"column":8}}]},"6":{"line":86,"type":"if","locations":[{"start":{"line":86,"column":8},"end":{"line":86,"column":8}},{"start":{"line":86,"column":8},"end":{"line":86,"column":8}}]},"7":{"line":99,"type":"if","locations":[{"start":{"line":99,"column":8},"end":{"line":99,"column":8}},{"start":{"line":99,"column":8},"end":{"line":99,"column":8}}]}}},"contracts\\interfaces\\IRateLockOracle.sol":{"l":{},"path":"C:\\Users\\LLR User\\sikachain-eulerswap-vault\\sikachain-eulerswap-vault\\contracts\\interfaces\\IRateLockOracle.sol","s":{},"b":{},"f":{},"fnMap":{},"statementMap":{},"branchMap":{}},"contracts\\interfaces\\IVault.sol":{"l":{},"path":"C:\\Users\\LLR User\\sikachain-eulerswap-vault\\sikachain-eulerswap-vault\\contracts\\interfaces\\IVault.sol","s":{},"b":{},"f":{},"fnMap":{},"statementMap":{},"branchMap":{}},"contracts\\MockRateLockOracle.sol":{"l":{"33":4,"54":4,"64":0},"path":"C:\\Users\\LLR User\\sikachain-eulerswap-vault\\sikachain-eulerswap-vault\\contracts\\MockRateLockOracle.sol","s":{"1":4},"b":{},"f":{"1":4,"2":4,"3":0},"fnMap":{"1":{"name":"constructor","line":32,"loc":{"start":{"line":32,"column":4},"end":{"line":34,"column":4}}},"2":{"name":"getRate","line":49,"loc":{"start":{"line":49,"column":4},"end":{"line":55,"column":4}}},"3":{"name":"setRate","line":61,"loc":{"start":{"line":61,"column":4},"end":{"line":65,"column":4}}}},"statementMap":{"1":{"start":{"line":54,"column":8},"end":{"line":54,"column":24}}},"branchMap":{}},"contracts\\Vault.sol":{"l":{"63":4,"64":4,"81":4,"82":4,"86":4,"87":4,"89":4,"91":4,"94":4,"96":4,"107":4,"121":2,"122":2,"123":2,"124":1,"125":1,"126":1,"128":1,"132":1,"139":1,"140":1,"141":1,"142":1,"143":1,"144":1,"146":1,"150":1,"159":0,"176":4},"path":"C:\\Users\\LLR User\\sikachain-eulerswap-vault\\sikachain-eulerswap-vault\\contracts\\Vault.sol","s":{"1":4,"2":4,"3":4,"4":4,"5":4,"6":4,"7":4,"8":4,"9":2,"10":2,"11":2,"12":1,"13":1,"14":1,"15":1,"16":1,"17":1,"18":1,"19":1,"20":1,"21":1,"22":1,"23":0,"24":4},"b":{"1":[4,0],"2":[4,0],"3":[4,0],"4":[4,0],"5":[2,0],"6":[1,1],"7":[1,0],"8":[1,0],"9":[1,0],"10":[1,0],"11":[1,0],"12":[1,0],"13":[1,0],"14":[1,0]},"f":{"1":4,"2":4,"3":2,"4":1,"5":0,"6":4},"fnMap":{"1":{"name":"constructor","line":62,"loc":{"start":{"line":62,"column":4},"end":{"line":65,"column":4}}},"2":{"name":"deposit","line":76,"loc":{"start":{"line":76,"column":4},"end":{"line":115,"column":4}}},"3":{"name":"claim","line":120,"loc":{"start":{"line":120,"column":4},"end":{"line":133,"column":4}}},"4":{"name":"refund","line":138,"loc":{"start":{"line":138,"column":4},"end":{"line":151,"column":4}}},"5":{"name":"getLockedRate","line":156,"loc":{"start":{"line":156,"column":4},"end":{"line":160,"column":4}}},"6":{"name":"_getDepositId","line":168,"loc":{"start":{"line":168,"column":4},"end":{"line":188,"column":4}}}},"statementMap":{"1":{"start":{"line":81,"column":8},"end":{"line":81,"column":75}},"2":{"start":{"line":82,"column":8},"end":{"line":82,"column":62}},"3":{"start":{"line":86,"column":8},"end":{"line":86,"column":70}},"4":{"start":{"line":87,"column":8},"end":{"line":87,"column":58}},"5":{"start":{"line":89,"column":8},"end":{"line":89,"column":2633}},"6":{"start":{"line":91,"column":8},"end":{"line":91,"column":74}},"7":{"start":{"line":94,"column":8},"end":{"line":94,"column":44}},"8":{"start":{"line":107,"column":8},"end":{"line":107,"column":3182}},"9":{"start":{"line":121,"column":8},"end":{"line":121,"column":47}},"10":{"start":{"line":122,"column":8},"end":{"line":122,"column":59}},"11":{"start":{"line":123,"column":8},"end":{"line":123,"column":59}},"12":{"start":{"line":124,"column":8},"end":{"line":124,"column":47}},"13":{"start":{"line":125,"column":8},"end":{"line":125,"column":47}},"14":{"start":{"line":126,"column":8},"end":{"line":126,"column":68}},"15":{"start":{"line":132,"column":8},"end":{"line":132,"column":50}},"16":{"start":{"line":139,"column":8},"end":{"line":139,"column":47}},"17":{"start":{"line":140,"column":8},"end":{"line":140,"column":59}},"18":{"start":{"line":141,"column":8},"end":{"line":141,"column":56}},"19":{"start":{"line":142,"column":8},"end":{"line":142,"column":47}},"20":{"start":{"line":143,"column":8},"end":{"line":143,"column":47}},"21":{"start":{"line":144,"column":8},"end":{"line":144,"column":64}},"22":{"start":{"line":150,"column":8},"end":{"line":150,"column":46}},"23":{"start":{"line":159,"column":8},"end":{"line":159,"column":45}},"24":{"start":{"line":176,"column":8},"end":{"line":176,"column":5328}}},"branchMap":{"1":{"line":81,"type":"if","locations":[{"start":{"line":81,"column":8},"end":{"line":81,"column":8}},{"start":{"line":81,"column":8},"end":{"line":81,"column":8}}]},"2":{"line":82,"type":"if","locations":[{"start":{"line":82,"column":8},"end":{"line":82,"column":8}},{"start":{"line":82,"column":8},"end":{"line":82,"column":8}}]},"3":{"line":87,"type":"if","locations":[{"start":{"line":87,"column":8},"end":{"line":87,"column":8}},{"start":{"line":87,"column":8},"end":{"line":87,"column":8}}]},"4":{"line":91,"type":"if","locations":[{"start":{"line":91,"column":8},"end":{"line":91,"column":8}},{"start":{"line":91,"column":8},"end":{"line":91,"column":8}}]},"5":{"line":122,"type":"if","locations":[{"start":{"line":122,"column":8},"end":{"line":122,"column":8}},{"start":{"line":122,"column":8},"end":{"line":122,"column":8}}]},"6":{"line":123,"type":"if","locations":[{"start":{"line":123,"column":8},"end":{"line":123,"column":8}},{"start":{"line":123,"column":8},"end":{"line":123,"column":8}}]},"7":{"line":124,"type":"if","locations":[{"start":{"line":124,"column":8},"end":{"line":124,"column":8}},{"start":{"line":124,"column":8},"end":{"line":124,"column":8}}]},"8":{"line":125,"type":"if","locations":[{"start":{"line":125,"column":8},"end":{"line":125,"column":8}},{"start":{"line":125,"column":8},"end":{"line":125,"column":8}}]},"9":{"line":126,"type":"if","locations":[{"start":{"line":126,"column":8},"end":{"line":126,"column":8}},{"start":{"line":126,"column":8},"end":{"line":126,"column":8}}]},"10":{"line":140,"type":"if","locations":[{"start":{"line":140,"column":8},"end":{"line":140,"column":8}},{"start":{"line":140,"column":8},"end":{"line":140,"column":8}}]},"11":{"line":141,"type":"if","locations":[{"start":{"line":141,"column":8},"end":{"line":141,"column":8}},{"start":{"line":141,"column":8},"end":{"line":141,"column":8}}]},"12":{"line":142,"type":"if","locations":[{"start":{"line":142,"column":8},"end":{"line":142,"column":8}},{"start":{"line":142,"column":8},"end":{"line":142,"column":8}}]},"13":{"line":143,"type":"if","locations":[{"start":{"line":143,"column":8},"end":{"line":143,"column":8}},{"start":{"line":143,"column":8},"end":{"line":143,"column":8}}]},"14":{"line":144,"type":"if","locations":[{"start":{"line":144,"column":8},"end":{"line":144,"column":8}},{"start":{"line":144,"column":8},"end":{"line":144,"column":8}}]}}},"contracts\\VaultRouterHook.sol":{"l":{},"path":"C:\\Users\\LLR User\\sikachain-eulerswap-vault\\sikachain-eulerswap-vault\\contracts\\VaultRouterHook.sol","s":{},"b":{},"f":{"1":1,"2":1,"3":1},"fnMap":{"1":{"name":"onActionStart","line":17,"loc":{"start":{"line":17,"column":4},"end":{"line":21,"column":4}}},"2":{"name":"onActionEnd","line":29,"loc":{"start":{"line":29,"column":4},"end":{"line":33,"column":4}}},"3":{"name":"onYieldCheckpoint","line":39,"loc":{"start":{"line":39,"column":4},"end":{"line":42,"column":4}}}},"statementMap":{},"branchMap":{}}}