TN:
SF:C:\Users\LLR User\sikachain-eulerswap-vault\sikachain-eulerswap-vault\contracts\ClaimManager.sol
FN:33,onlyVault
FN:48,constructor
FN:63,setVaultAddress
FN:74,recordDeposit
FN:84,isClaimable
FN:97,isExpired
FNF:6
FNH:6
FNDA:8,onlyVault
FNDA:9,constructor
FNDA:9,setVaultAddress
FNDA:7,recordDeposit
FNDA:3,isClaimable
FNDA:3,isExpired
DA:34,8
DA:35,7
DA:49,9
DA:65,9
DA:66,9
DA:67,9
DA:75,7
DA:76,7
DA:85,3
DA:86,3
DA:87,0
DA:89,3
DA:98,3
DA:99,3
DA:100,0
DA:102,3
LF:16
LH:14
BRDA:34,1,0,7
BRDA:34,1,1,1
BRDA:65,2,0,9
BRDA:65,2,1,0
BRDA:66,3,0,9
BRDA:66,3,1,0
BRDA:74,4,0,7
BRDA:74,4,1,1
BRDA:75,5,0,7
BRDA:75,5,1,0
BRDA:86,6,0,0
BRDA:86,6,1,3
BRDA:99,7,0,0
BRDA:99,7,1,3
BRF:14
BRH:9
end_of_record
TN:
SF:C:\Users\LLR User\sikachain-eulerswap-vault\sikachain-eulerswap-vault\contracts\interfaces\IRateLockOracle.sol
FNF:0
FNH:0
LF:0
LH:0
BRF:0
BRH:0
end_of_record
TN:
SF:C:\Users\LLR User\sikachain-eulerswap-vault\sikachain-eulerswap-vault\contracts\interfaces\IVault.sol
FNF:0
FNH:0
LF:0
LH:0
BRF:0
BRH:0
end_of_record
TN:
SF:C:\Users\LLR User\sikachain-eulerswap-vault\sikachain-eulerswap-vault\contracts\MockRateLockOracle.sol
FN:32,constructor
FN:49,getRate
FN:61,setRate
FNF:3
FNH:2
FNDA:4,constructor
FNDA:4,getRate
FNDA:0,setRate
DA:33,4
DA:54,4
DA:64,0
LF:3
LH:2
BRF:0
BRH:0
end_of_record
TN:
SF:C:\Users\LLR User\sikachain-eulerswap-vault\sikachain-eulerswap-vault\contracts\Vault.sol
FN:62,constructor
FN:76,deposit
FN:120,claim
FN:138,refund
FN:156,getLockedRate
FN:168,_getDepositId
FNF:6
FNH:5
FNDA:4,constructor
FNDA:4,deposit
FNDA:2,claim
FNDA:1,refund
FNDA:0,getLockedRate
FNDA:4,_getDepositId
DA:63,4
DA:64,4
DA:81,4
DA:82,4
DA:86,4
DA:87,4
DA:89,4
DA:91,4
DA:94,4
DA:96,4
DA:107,4
DA:121,2
DA:122,2
DA:123,2
DA:124,1
DA:125,1
DA:126,1
DA:128,1
DA:132,1
DA:139,1
DA:140,1
DA:141,1
DA:142,1
DA:143,1
DA:144,1
DA:146,1
DA:150,1
DA:159,0
DA:176,4
LF:29
LH:28
BRDA:81,1,0,4
BRDA:81,1,1,0
BRDA:82,2,0,4
BRDA:82,2,1,0
BRDA:87,3,0,4
BRDA:87,3,1,0
BRDA:91,4,0,4
BRDA:91,4,1,0
BRDA:122,5,0,2
BRDA:122,5,1,0
BRDA:123,6,0,1
BRDA:123,6,1,1
BRDA:124,7,0,1
BRDA:124,7,1,0
BRDA:125,8,0,1
BRDA:125,8,1,0
BRDA:126,9,0,1
BRDA:126,9,1,0
BRDA:140,10,0,1
BRDA:140,10,1,0
BRDA:141,11,0,1
BRDA:141,11,1,0
BRDA:142,12,0,1
BRDA:142,12,1,0
BRDA:143,13,0,1
BRDA:143,13,1,0
BRDA:144,14,0,1
BRDA:144,14,1,0
BRF:28
BRH:15
end_of_record
TN:
SF:C:\Users\LLR User\sikachain-eulerswap-vault\sikachain-eulerswap-vault\contracts\VaultRouterHook.sol
FN:17,onActionStart
FN:29,onActionEnd
FN:39,onYieldCheckpoint
FNF:3
FNH:3
FNDA:1,onActionStart
FNDA:1,onActionEnd
FNDA:1,onYieldCheckpoint
LF:0
LH:0
BRF:0
BRH:0
end_of_record
